<?xml version="1.0" encoding="UTF-8"?>
<!-- Generated by org.testng.reporters.JUnitReportReporter -->
<testsuite hostname="DESKTOP-99N73JI" failures="0" tests="1" name="tc.tchomepage4" time="8.493" errors="0" timestamp="29 Jan 2021 09:29:43 GMT" skipped="0">
  <testcase classname="tc.tchomepage4" name="login4" time="8.493"/>
</testsuite> <!-- tc.tchomepage4 -->
